<?xml version="1.0" encoding="UTF-8"?>
<!-- Generated by org.testng.reporters.JUnitReportReporter -->
<testsuite hostname="DESKTOP-JKGOI6O" failures="0" tests="1" name="test.MenTestPage" time="17.109" errors="1" timestamp="2022-11-21T18:10:35 EST" skipped="0">
  <testcase classname="test.MenTestPage" name="menFeature" time="17.109">
    <error message="element click intercepted: Element &lt;a class=&quot;btn btn-secondary btn-lg btn-block icon swipe-to-top cart&quot; href=&quot;https://deshecart.com/product-detail/hyperx-quadcast-s-rgb-usb-condenser-microphone-for-pc-ps4-ps5-and-mac-anti-vibration-shock-mount&quot; data-toggle=&quot;tooltip&quot; data-placement=&quot;bottom&quot; title=&quot;&quot; data-original-title=&quot;View Detail&quot;&gt;...&lt;/a&gt; is not clickable at point (481, 535). Other element would receive the click: &lt;div class=&quot;alert alert-warning alert-dismissible alert-cookie fade show&quot; role=&quot;alert&quot;&gt;...&lt;/div&gt;
  (Session info: chrome=107.0.5304.107)
Build info: version: &#039;4.1.1&#039;, revision: &#039;e8fcc2cecf&#039;
System info: host: &#039;DESKTOP-JKGOI6O&#039;, ip: &#039;192.168.1.253&#039;, os.name: &#039;Windows 11&#039;, os.arch: &#039;amd64&#039;, os.version: &#039;10.0&#039;, java.version: &#039;17.0.4&#039;
Driver info: org.openqa.selenium.chrome.ChromeDriver
Command: [08301a618279bdaeeef0952261fed0ca, clickElement {id=6b76cfe2-4990-47e2-a615-2ab7a9fb913f}]
Capabilities {acceptInsecureCerts: false, browserName: chrome, browserVersion: 107.0.5304.107, chrome: {chromedriverVersion: 107.0.5304.62 (1eec40d3a576..., userDataDir: C:\Users\borso\AppData\Loca...}, goog:chromeOptions: {debuggerAddress: localhost:63639}, javascriptEnabled: true, networkConnectionEnabled: false, pageLoadStrategy: normal, platform: WINDOWS, platformName: WINDOWS, proxy: Proxy(), se:cdp: ws://localhost:63639/devtoo..., se:cdpVersion: 107.0.5304.107, setWindowRect: true, strictFileInteractability: false, timeouts: {implicit: 0, pageLoad: 300000, script: 30000}, unhandledPromptBehavior: dismiss and notify, webauthn:extension:credBlob: true, webauthn:extension:largeBlob: true, webauthn:virtualAuthenticators: true}
Element: [[ChromeDriver: chrome on WINDOWS (08301a618279bdaeeef0952261fed0ca)] -&gt; css selector: body.animation-s2:nth-child(2) section.pro-content:nth-child(14) section.shop-content.shop-two div.container:nth-child(1) div.row div.col-12.col-lg-9:nth-child(2) div.products-area section.shop-content div.products-area div.row div.col-12.col-lg-4.col-sm-6.griding:nth-child(1) div.product.product11 article:nth-child(1) div.content div:nth-child(5) &gt; a.btn.btn-secondary.btn-lg.btn-block.icon.swipe-to-top.cart]
Session ID: 08301a618279bdaeeef0952261fed0ca" type="org.openqa.selenium.ElementClickInterceptedException">
      <![CDATA[org.openqa.selenium.ElementClickInterceptedException: element click intercepted: Element <a class="btn btn-secondary btn-lg btn-block icon swipe-to-top cart" href="https://deshecart.com/product-detail/hyperx-quadcast-s-rgb-usb-condenser-microphone-for-pc-ps4-ps5-and-mac-anti-vibration-shock-mount" data-toggle="tooltip" data-placement="bottom" title="" data-original-title="View Detail">...</a> is not clickable at point (481, 535). Other element would receive the click: <div class="alert alert-warning alert-dismissible alert-cookie fade show" role="alert">...</div>
  (Session info: chrome=107.0.5304.107)
Build info: version: '4.1.1', revision: 'e8fcc2cecf'
System info: host: 'DESKTOP-JKGOI6O', ip: '192.168.1.253', os.name: 'Windows 11', os.arch: 'amd64', os.version: '10.0', java.version: '17.0.4'
Driver info: org.openqa.selenium.chrome.ChromeDriver
Command: [08301a618279bdaeeef0952261fed0ca, clickElement {id=6b76cfe2-4990-47e2-a615-2ab7a9fb913f}]
Capabilities {acceptInsecureCerts: false, browserName: chrome, browserVersion: 107.0.5304.107, chrome: {chromedriverVersion: 107.0.5304.62 (1eec40d3a576..., userDataDir: C:\Users\borso\AppData\Loca...}, goog:chromeOptions: {debuggerAddress: localhost:63639}, javascriptEnabled: true, networkConnectionEnabled: false, pageLoadStrategy: normal, platform: WINDOWS, platformName: WINDOWS, proxy: Proxy(), se:cdp: ws://localhost:63639/devtoo..., se:cdpVersion: 107.0.5304.107, setWindowRect: true, strictFileInteractability: false, timeouts: {implicit: 0, pageLoad: 300000, script: 30000}, unhandledPromptBehavior: dismiss and notify, webauthn:extension:credBlob: true, webauthn:extension:largeBlob: true, webauthn:virtualAuthenticators: true}
Element: [[ChromeDriver: chrome on WINDOWS (08301a618279bdaeeef0952261fed0ca)] -> css selector: body.animation-s2:nth-child(2) section.pro-content:nth-child(14) section.shop-content.shop-two div.container:nth-child(1) div.row div.col-12.col-lg-9:nth-child(2) div.products-area section.shop-content div.products-area div.row div.col-12.col-lg-4.col-sm-6.griding:nth-child(1) div.product.product11 article:nth-child(1) div.content div:nth-child(5) > a.btn.btn-secondary.btn-lg.btn-block.icon.swipe-to-top.cart]
Session ID: 08301a618279bdaeeef0952261fed0ca
at java.base/jdk.internal.reflect.NativeConstructorAccessorImpl.newInstance0(Native Method)
at java.base/jdk.internal.reflect.NativeConstructorAccessorImpl.newInstance(NativeConstructorAccessorImpl.java:77)
at java.base/jdk.internal.reflect.DelegatingConstructorAccessorImpl.newInstance(DelegatingConstructorAccessorImpl.java:45)
at java.base/java.lang.reflect.Constructor.newInstanceWithCaller(Constructor.java:499)
at java.base/java.lang.reflect.Constructor.newInstance(Constructor.java:480)
at org.openqa.selenium.remote.codec.w3c.W3CHttpResponseCodec.createException(W3CHttpResponseCodec.java:200)
at org.openqa.selenium.remote.codec.w3c.W3CHttpResponseCodec.decode(W3CHttpResponseCodec.java:133)
at org.openqa.selenium.remote.codec.w3c.W3CHttpResponseCodec.decode(W3CHttpResponseCodec.java:53)
at org.openqa.selenium.remote.HttpCommandExecutor.execute(HttpCommandExecutor.java:184)
at org.openqa.selenium.remote.service.DriverCommandExecutor.invokeExecute(DriverCommandExecutor.java:167)
at org.openqa.selenium.remote.service.DriverCommandExecutor.execute(DriverCommandExecutor.java:142)
at org.openqa.selenium.remote.RemoteWebDriver.execute(RemoteWebDriver.java:543)
at org.openqa.selenium.remote.RemoteWebElement.execute(RemoteWebElement.java:251)
at org.openqa.selenium.remote.RemoteWebElement.click(RemoteWebElement.java:77)
at action.MenActionPage.menFeature(MenActionPage.java:19)
at test.MenTestPage.menFeature(MenTestPage.java:10)
at java.base/jdk.internal.reflect.NativeMethodAccessorImpl.invoke0(Native Method)
at java.base/jdk.internal.reflect.NativeMethodAccessorImpl.invoke(NativeMethodAccessorImpl.java:77)
at java.base/jdk.internal.reflect.DelegatingMethodAccessorImpl.invoke(DelegatingMethodAccessorImpl.java:43)
at java.base/java.lang.reflect.Method.invoke(Method.java:568)
at org.testng.internal.invokers.MethodInvocationHelper.invokeMethod(MethodInvocationHelper.java:135)
at org.testng.internal.invokers.TestInvoker.invokeMethod(TestInvoker.java:673)
at org.testng.internal.invokers.TestInvoker.invokeTestMethod(TestInvoker.java:220)
at org.testng.internal.invokers.MethodRunner.runInSequence(MethodRunner.java:50)
at org.testng.internal.invokers.TestInvoker$MethodInvocationAgent.invoke(TestInvoker.java:945)
at org.testng.internal.invokers.TestInvoker.invokeTestMethods(TestInvoker.java:193)
at org.testng.internal.invokers.TestMethodWorker.invokeTestMethods(TestMethodWorker.java:146)
at org.testng.internal.invokers.TestMethodWorker.run(TestMethodWorker.java:128)
at java.base/java.util.ArrayList.forEach(ArrayList.java:1511)
at org.testng.TestRunner.privateRun(TestRunner.java:808)
at org.testng.TestRunner.run(TestRunner.java:603)
at org.testng.SuiteRunner.runTest(SuiteRunner.java:429)
at org.testng.SuiteRunner.runSequentially(SuiteRunner.java:423)
at org.testng.SuiteRunner.privateRun(SuiteRunner.java:383)
at org.testng.SuiteRunner.run(SuiteRunner.java:326)
at org.testng.SuiteRunnerWorker.runSuite(SuiteRunnerWorker.java:52)
at org.testng.SuiteRunnerWorker.run(SuiteRunnerWorker.java:95)
at org.testng.TestNG.runSuitesSequentially(TestNG.java:1249)
at org.testng.TestNG.runSuitesLocally(TestNG.java:1169)
at org.testng.TestNG.runSuites(TestNG.java:1092)
at org.testng.TestNG.run(TestNG.java:1060)
at org.testng.remote.AbstractRemoteTestNG.run(AbstractRemoteTestNG.java:115)
at org.testng.remote.RemoteTestNG.initAndRun(RemoteTestNG.java:251)
at org.testng.remote.RemoteTestNG.main(RemoteTestNG.java:77)
]]>
    </error>
  </testcase> <!-- menFeature -->
  <system-out/>
</testsuite> <!-- test.MenTestPage -->
